<?xml version="1.0" encoding="UTF-8"?>
<beans xmlns="http://www.springframework.org/schema/beans"
	xmlns:xsi="http://www.w3.org/2001/XMLSchema-instance" 
	xmlns:context="http://www.springframework.org/schema/context"
	xsi:schemaLocation="http://www.springframework.org/schema/beans
	http://www.springframework.org/schema/beans/spring-beans.xsd
	http://www.springframework.org/schema/context
	http://www.springframework.org/schema/context/spring-context.xsd">


	<import resource="classpath:spring/spring-persistence.xml" />
	
	<!-- Scans the classpath of this application to deploy as beans -->
	<context:component-scan base-package="com.jeetemplates.app" annotation-config="true"/>

	<!-- Resources -->
	<context:property-placeholder
		location="classpath:persistence/test-datasource.properties, 
				  classpath:persistence/hibernate.properties"
		ignore-unresolvable="false" ignore-resource-not-found="true" />

</beans>